{
  "stats": {
    "suites": 1,
    "tests": 3,
    "passes": 3,
    "pending": 0,
    "failures": 0,
    "start": "2021-06-23T01:58:43.399Z",
    "end": "2021-06-23T01:59:39.763Z",
    "duration": 56364,
    "testsRegistered": 3,
    "passPercent": 100,
    "pendingPercent": 0,
    "other": 0,
    "hasOther": false,
    "skipped": 0,
    "hasSkipped": false
  },
  "results": [
    {
      "uuid": "75ce393b-8a4f-43f0-afdd-30020aea2f30",
      "title": "",
      "fullFile": "cypress/integration/homePageTest.js",
      "file": "cypress/integration/homePageTest.js",
      "beforeHooks": [],
      "afterHooks": [],
      "tests": [],
      "suites": [
        {
          "uuid": "69f92ad2-3ef7-4afc-928d-52de574d31c1",
          "title": "Bizchair.com Regression Suite",
          "fullFile": "",
          "file": "",
          "beforeHooks": [],
          "afterHooks": [],
          "tests": [
            {
              "title": "Open Homepage, search for Chair and open the first search result",
              "fullTitle": "Bizchair.com Regression Suite Open Homepage, search for Chair and open the first search result",
              "timedOut": null,
              "duration": 36987,
              "state": "passed",
              "speed": "slow",
              "pass": true,
              "fail": false,
              "pending": false,
              "context": null,
              "code": "const homePage = new _HomePage.default(); // Open HomePage URL\ncy.visit(Cypress.env('url') + \"/default/Home-Show\");\nhomePage.getPopUpBox().click();\nhomePage.getSearchBox().type('chair');\ncy.wait(2000);\nhomePage.getFirstSearchResult().click();",
              "err": {},
              "uuid": "8a3d959e-6530-40f4-9ce5-017db182ca7b",
              "parentUUID": "69f92ad2-3ef7-4afc-928d-52de574d31c1",
              "isHook": false,
              "skipped": false
            },
            {
              "title": "Add Items to Cart & Go to checkout as Guest User",
              "fullTitle": "Bizchair.com Regression Suite Add Items to Cart & Go to checkout as Guest User",
              "timedOut": null,
              "duration": 13933,
              "state": "passed",
              "speed": "slow",
              "pass": true,
              "fail": false,
              "pending": false,
              "context": null,
              "code": "//const homePage = new HomePage()\nconst productPage = new _ProductPage.default();\nconst cartPage = new _CartPage.default();\nproductPage.getQuantityPlus().click();\nproductPage.getFirstSwatch().click();\ncy.wait(2000);\nproductPage.getAddToCart().click();\nproductPage.getViewCart().click();\ncartPage.getCommentBox().type('test order');\ncartPage.getCheckoutButton().first().click();\ncy.wait(2000);\ncartPage.getCheckoutAsGuest().click();",
              "err": {},
              "uuid": "9a9fb936-d4d7-4768-ae32-336807f30f4e",
              "parentUUID": "69f92ad2-3ef7-4afc-928d-52de574d31c1",
              "isHook": false,
              "skipped": false
            },
            {
              "title": "Checkout Page validation",
              "fullTitle": "Bizchair.com Regression Suite Checkout Page validation",
              "timedOut": null,
              "duration": 2982,
              "state": "passed",
              "speed": "slow",
              "pass": true,
              "fail": false,
              "pending": false,
              "context": null,
              "code": "const checkoutPage = new _CheckoutPage.default();\ncheckoutPage.getShippingLocation().select('Residential').should('have.value', 'RESIDENTIAL');\ncheckoutPage.getEmail().type('sasikumar.mohan@simplus.com');\ncheckoutPage.getFirstName().type('Billy');\ncheckoutPage.getLastName().type('Tester');\ncheckoutPage.getAddress1().type('3050 Jackson Ave');\ncheckoutPage.getCity().type('Ann Arbor');\ncheckoutPage.getZIPcode().type('48103');\ncheckoutPage.getState().select('Michigan').should('have.value', 'MI');\ncheckoutPage.getPhone().type('5138868686');\ncheckoutPage.getAddressSameAsBilling().check().should('be.checked'); //checkoutPage.getCheckoutContinue().click()",
              "err": {},
              "uuid": "532b5dcc-e500-4534-87d8-77042c36769e",
              "parentUUID": "69f92ad2-3ef7-4afc-928d-52de574d31c1",
              "isHook": false,
              "skipped": false
            }
          ],
          "suites": [],
          "passes": [
            "8a3d959e-6530-40f4-9ce5-017db182ca7b",
            "9a9fb936-d4d7-4768-ae32-336807f30f4e",
            "532b5dcc-e500-4534-87d8-77042c36769e"
          ],
          "failures": [],
          "pending": [],
          "skipped": [],
          "duration": 53902,
          "root": false,
          "rootEmpty": false,
          "_timeout": 2000
        }
      ],
      "passes": [],
      "failures": [],
      "pending": [],
      "skipped": [],
      "duration": 0,
      "root": true,
      "rootEmpty": true,
      "_timeout": 2000
    }
  ],
  "meta": {
    "mocha": {
      "version": "7.0.1"
    },
    "mochawesome": {
      "options": {
        "quiet": false,
        "reportFilename": "mochawesome",
        "saveHtml": true,
        "saveJson": true,
        "consoleReporter": "spec",
        "useInlineDiffs": false,
        "code": true
      },
      "version": "6.2.2"
    },
    "marge": {
      "options": null,
      "version": "5.2.0"
    }
  }
}