{
  "stats": {
    "suites": 1,
    "tests": 3,
    "passes": 3,
    "pending": 0,
    "failures": 0,
    "start": "2021-06-23T03:10:01.834Z",
    "end": "2021-06-23T03:10:51.583Z",
    "duration": 49749,
    "testsRegistered": 3,
    "passPercent": 100,
    "pendingPercent": 0,
    "other": 0,
    "hasOther": false,
    "skipped": 0,
    "hasSkipped": false
  },
  "results": [
    {
      "uuid": "e3c06e62-c94d-4b5f-a8a2-28e7b181a2b7",
      "title": "",
      "fullFile": "cypress/integration/homePageTest.js",
      "file": "cypress/integration/homePageTest.js",
      "beforeHooks": [],
      "afterHooks": [],
      "tests": [],
      "suites": [
        {
          "uuid": "9ddf41c6-5b27-40ee-9d65-162cd32be6c1",
          "title": "Bizchair.com Regression Suite",
          "fullFile": "",
          "file": "",
          "beforeHooks": [],
          "afterHooks": [],
          "tests": [
            {
              "title": "Open Homepage, search for Chair and open the first search result",
              "fullTitle": "Bizchair.com Regression Suite Open Homepage, search for Chair and open the first search result",
              "timedOut": null,
              "duration": 29916,
              "state": "passed",
              "speed": "slow",
              "pass": true,
              "fail": false,
              "pending": false,
              "context": null,
              "code": "const homePage = new _HomePage.default(); // Open HomePage URL\ncy.visit(Cypress.env('url') + \"/default/Home-Show\");\nhomePage.getPopUpBox().click();\nhomePage.getSearchBox().type('chair');\ncy.wait(2000);\nhomePage.getFirstSearchResult().click();",
              "err": {},
              "uuid": "cf4ff9ea-838e-4c23-82ff-5bda9a07a845",
              "parentUUID": "9ddf41c6-5b27-40ee-9d65-162cd32be6c1",
              "isHook": false,
              "skipped": false
            },
            {
              "title": "Add Items to Cart & Go to checkout as Guest User",
              "fullTitle": "Bizchair.com Regression Suite Add Items to Cart & Go to checkout as Guest User",
              "timedOut": null,
              "duration": 14431,
              "state": "passed",
              "speed": "slow",
              "pass": true,
              "fail": false,
              "pending": false,
              "context": null,
              "code": "//const homePage = new HomePage()\nconst productPage = new _ProductPage.default();\nconst cartPage = new _CartPage.default();\nproductPage.getQuantityPlus().click();\nproductPage.getFirstSwatch().click();\ncy.wait(2000);\nproductPage.getAddToCart().click();\nproductPage.getViewCart().click();\ncartPage.getCommentBox().type('test order');\ncartPage.getCheckoutButton().first().click();\ncy.wait(2000);\ncartPage.getCheckoutAsGuest().click();",
              "err": {},
              "uuid": "8b955335-4dab-4841-bda4-063b3a8d6b90",
              "parentUUID": "9ddf41c6-5b27-40ee-9d65-162cd32be6c1",
              "isHook": false,
              "skipped": false
            },
            {
              "title": "Checkout Page validation",
              "fullTitle": "Bizchair.com Regression Suite Checkout Page validation",
              "timedOut": null,
              "duration": 2884,
              "state": "passed",
              "speed": "slow",
              "pass": true,
              "fail": false,
              "pending": false,
              "context": null,
              "code": "const checkoutPage = new _CheckoutPage.default();\ncheckoutPage.getShippingLocation().select('Residential').should('have.value', 'RESIDENTIAL');\ncheckoutPage.getEmail().type('sasikumar.mohan@simplus.com');\ncheckoutPage.getFirstName().type('Billy');\ncheckoutPage.getLastName().type('Tester');\ncheckoutPage.getAddress1().type('3050 Jackson Ave');\ncheckoutPage.getCity().type('Ann Arbor');\ncheckoutPage.getZIPcode().type('48103');\ncheckoutPage.getState().select('Michigan').should('have.value', 'MI');\ncheckoutPage.getPhone().type('5138868686');\ncheckoutPage.getAddressSameAsBilling().check().should('be.checked'); //checkoutPage.getCheckoutContinue().click()",
              "err": {},
              "uuid": "3d76e08b-cac1-434b-a139-3605bc1830ec",
              "parentUUID": "9ddf41c6-5b27-40ee-9d65-162cd32be6c1",
              "isHook": false,
              "skipped": false
            }
          ],
          "suites": [],
          "passes": [
            "cf4ff9ea-838e-4c23-82ff-5bda9a07a845",
            "8b955335-4dab-4841-bda4-063b3a8d6b90",
            "3d76e08b-cac1-434b-a139-3605bc1830ec"
          ],
          "failures": [],
          "pending": [],
          "skipped": [],
          "duration": 47231,
          "root": false,
          "rootEmpty": false,
          "_timeout": 2000
        }
      ],
      "passes": [],
      "failures": [],
      "pending": [],
      "skipped": [],
      "duration": 0,
      "root": true,
      "rootEmpty": true,
      "_timeout": 2000
    }
  ],
  "meta": {
    "mocha": {
      "version": "7.0.1"
    },
    "mochawesome": {
      "options": {
        "quiet": false,
        "reportFilename": "mochawesome",
        "saveHtml": true,
        "saveJson": true,
        "consoleReporter": "spec",
        "useInlineDiffs": false,
        "code": true
      },
      "version": "6.2.2"
    },
    "marge": {
      "options": null,
      "version": "5.2.0"
    }
  }
}