{
  "stats": {
    "suites": 1,
    "tests": 3,
    "passes": 3,
    "pending": 0,
    "failures": 0,
    "start": "2021-06-23T03:43:20.244Z",
    "end": "2021-06-23T03:44:04.933Z",
    "duration": 44689,
    "testsRegistered": 3,
    "passPercent": 100,
    "pendingPercent": 0,
    "other": 0,
    "hasOther": false,
    "skipped": 0,
    "hasSkipped": false
  },
  "results": [
    {
      "uuid": "77b4152c-a71c-45df-b6e7-52b854c60927",
      "title": "",
      "fullFile": "cypress/integration/homePageTest.js",
      "file": "cypress/integration/homePageTest.js",
      "beforeHooks": [],
      "afterHooks": [],
      "tests": [],
      "suites": [
        {
          "uuid": "91a8f0b8-f6e1-49dd-9ecc-8db993737098",
          "title": "Bizchair.com Regression Suite",
          "fullFile": "",
          "file": "",
          "beforeHooks": [],
          "afterHooks": [],
          "tests": [
            {
              "title": "Open Homepage, search for Chair and open the first search result",
              "fullTitle": "Bizchair.com Regression Suite Open Homepage, search for Chair and open the first search result",
              "timedOut": null,
              "duration": 27864,
              "state": "passed",
              "speed": "slow",
              "pass": true,
              "fail": false,
              "pending": false,
              "context": null,
              "code": "const homePage = new _HomePage.default(); // Open HomePage URL\ncy.visit(Cypress.env('url') + \"/default/Home-Show\");\nhomePage.getPopUpBox().click();\nhomePage.getSearchBox().type('chair');\ncy.wait(2000);\nhomePage.getFirstSearchResult().click();",
              "err": {},
              "uuid": "3555ad1f-a768-4e97-ac7a-d3d7893a647a",
              "parentUUID": "91a8f0b8-f6e1-49dd-9ecc-8db993737098",
              "isHook": false,
              "skipped": false
            },
            {
              "title": "Add Items to Cart & Go to checkout as Guest User",
              "fullTitle": "Bizchair.com Regression Suite Add Items to Cart & Go to checkout as Guest User",
              "timedOut": null,
              "duration": 11415,
              "state": "passed",
              "speed": "slow",
              "pass": true,
              "fail": false,
              "pending": false,
              "context": null,
              "code": "//const homePage = new HomePage()\nconst productPage = new _ProductPage.default();\nconst cartPage = new _CartPage.default();\nproductPage.getQuantityPlus().click();\nproductPage.getFirstSwatch().click();\ncy.wait(2000);\nproductPage.getAddToCart().click();\nproductPage.getViewCart().click();\ncartPage.getCommentBox().type('test order');\ncartPage.getCheckoutButton().first().click();\ncy.wait(2000);\ncartPage.getCheckoutAsGuest().click();",
              "err": {},
              "uuid": "4ed88154-4ca1-4f17-a29b-996bcf3b29c5",
              "parentUUID": "91a8f0b8-f6e1-49dd-9ecc-8db993737098",
              "isHook": false,
              "skipped": false
            },
            {
              "title": "Checkout Page validation",
              "fullTitle": "Bizchair.com Regression Suite Checkout Page validation",
              "timedOut": null,
              "duration": 3533,
              "state": "passed",
              "speed": "slow",
              "pass": true,
              "fail": false,
              "pending": false,
              "context": null,
              "code": "const checkoutPage = new _CheckoutPage.default();\ncheckoutPage.getShippingLocation().select('Residential').should('have.value', 'RESIDENTIAL');\ncheckoutPage.getEmail().type('sasikumar.mohan@simplus.com');\ncheckoutPage.getFirstName().type('Billy');\ncheckoutPage.getLastName().type('Tester');\ncheckoutPage.getAddress1().type('3050 Jackson Ave');\ncheckoutPage.getCity().type('Ann Arbor');\ncheckoutPage.getZIPcode().type('48103');\ncheckoutPage.getState().select('Michigan').should('have.value', 'MI');\ncheckoutPage.getPhone().type('5138868686');\ncheckoutPage.getAddressSameAsBilling().check().should('be.checked'); //checkoutPage.getCheckoutContinue().click()",
              "err": {},
              "uuid": "0cea40a5-9eb9-4942-81b4-d2a5ae982316",
              "parentUUID": "91a8f0b8-f6e1-49dd-9ecc-8db993737098",
              "isHook": false,
              "skipped": false
            }
          ],
          "suites": [],
          "passes": [
            "3555ad1f-a768-4e97-ac7a-d3d7893a647a",
            "4ed88154-4ca1-4f17-a29b-996bcf3b29c5",
            "0cea40a5-9eb9-4942-81b4-d2a5ae982316"
          ],
          "failures": [],
          "pending": [],
          "skipped": [],
          "duration": 42812,
          "root": false,
          "rootEmpty": false,
          "_timeout": 2000
        }
      ],
      "passes": [],
      "failures": [],
      "pending": [],
      "skipped": [],
      "duration": 0,
      "root": true,
      "rootEmpty": true,
      "_timeout": 2000
    }
  ],
  "meta": {
    "mocha": {
      "version": "7.0.1"
    },
    "mochawesome": {
      "options": {
        "quiet": false,
        "reportFilename": "mochawesome",
        "saveHtml": true,
        "saveJson": true,
        "consoleReporter": "spec",
        "useInlineDiffs": false,
        "code": true
      },
      "version": "6.2.2"
    },
    "marge": {
      "options": null,
      "version": "5.2.0"
    }
  }
}